# Logfile created on Fri Jan 14 23:03:42 +0000 2011 by logger.rb
REQUESTING PAGE: GET /users/sign_out with {} and HTTP headers {}
REQUESTING PAGE: GET /users/sign_out with {} and HTTP headers {}
REQUESTING PAGE: GET /customers/5/orders with {} and HTTP headers {"HTTP_REFERER"=>"/users/sign_out"}
REQUESTING PAGE: GET /users/sign_out with {} and HTTP headers {}
REQUESTING PAGE: GET /customers/5/orders with {} and HTTP headers {"HTTP_REFERER"=>"/users/sign_out"}
REQUESTING PAGE: GET /users/sign_out with {} and HTTP headers {}
REQUESTING PAGE: GET /customers/5/orders with {} and HTTP headers {"HTTP_REFERER"=>"/users/sign_out"}
REQUESTING PAGE: GET /users/sign_out with {} and HTTP headers {}
REQUESTING PAGE: GET /customers/5/orders with {} and HTTP headers {"HTTP_REFERER"=>"/users/sign_out"}
REQUESTING PAGE: GET /users/sign_out with {} and HTTP headers {}
REQUESTING PAGE: GET /customers/5/orders with {} and HTTP headers {"HTTP_REFERER"=>"/users/sign_out"}
REQUESTING PAGE: GET /users/sign_out with {} and HTTP headers {}
REQUESTING PAGE: GET /customers/5/orders with {} and HTTP headers {"HTTP_REFERER"=>"/users/sign_out"}
REQUESTING PAGE: GET /users/sign_out with {} and HTTP headers {}
REQUESTING PAGE: GET /customers/5/orders with {} and HTTP headers {"HTTP_REFERER"=>"/users/sign_out"}
REQUESTING PAGE: GET /users/sign_out with {} and HTTP headers {}
REQUESTING PAGE: GET /customers/5/orders with {} and HTTP headers {"HTTP_REFERER"=>"/users/sign_out"}
REQUESTING PAGE: GET /users/sign_out with {} and HTTP headers {}
REQUESTING PAGE: GET /customers/5/orders with {} and HTTP headers {"HTTP_REFERER"=>"/users/sign_out"}
REQUESTING PAGE: GET /users/sign_out with {} and HTTP headers {}
REQUESTING PAGE: GET /customers/5/orders with {} and HTTP headers {"HTTP_REFERER"=>"/users/sign_out"}
REQUESTING PAGE: GET /users/sign_out with {} and HTTP headers {}
REQUESTING PAGE: GET /customers/5/orders with {} and HTTP headers {"HTTP_REFERER"=>"/users/sign_out"}
REQUESTING PAGE: GET http://example.org/home/index with {} and HTTP headers {"HTTP_REFERER"=>"/customers/5/orders"}
REQUESTING PAGE: GET /users/sign_out with {} and HTTP headers {}
REQUESTING PAGE: GET /customers/5/orders with {} and HTTP headers {"HTTP_REFERER"=>"/users/sign_out"}
REQUESTING PAGE: GET http://example.org/home/index with {} and HTTP headers {"HTTP_REFERER"=>"/customers/5/orders"}
REQUESTING PAGE: GET /users/sign_out with {} and HTTP headers {}
REQUESTING PAGE: GET /customers/5/orders with {} and HTTP headers {"HTTP_REFERER"=>"/users/sign_out"}
REQUESTING PAGE: GET http://example.org/home/index with {} and HTTP headers {"HTTP_REFERER"=>"/customers/5/orders"}
REQUESTING PAGE: GET /users/sign_out with {} and HTTP headers {}
REQUESTING PAGE: GET /users/sign_out with {} and HTTP headers {}
REQUESTING PAGE: GET /users/sign_out with {} and HTTP headers {}
REQUESTING PAGE: GET /users/sign_out with {} and HTTP headers {}
REQUESTING PAGE: GET /users/sign_out with {} and HTTP headers {}
REQUESTING PAGE: GET /customers/5/orders with {} and HTTP headers {"HTTP_REFERER"=>"/users/sign_out"}
REQUESTING PAGE: GET http://example.org/home/index with {} and HTTP headers {"HTTP_REFERER"=>"/customers/5/orders"}
REQUESTING PAGE: GET /users/sign_out with {} and HTTP headers {}
REQUESTING PAGE: GET /customers/5/orders with {} and HTTP headers {"HTTP_REFERER"=>"/users/sign_out"}
REQUESTING PAGE: GET http://example.org/home/index with {} and HTTP headers {"HTTP_REFERER"=>"/customers/5/orders"}
REQUESTING PAGE: GET /users/sign_out with {} and HTTP headers {}
REQUESTING PAGE: GET /customers/5/orders with {} and HTTP headers {"HTTP_REFERER"=>"/users/sign_out"}
REQUESTING PAGE: GET http://example.org/home/index with {} and HTTP headers {"HTTP_REFERER"=>"/customers/5/orders"}
REQUESTING PAGE: GET /users/sign_out with {} and HTTP headers {}
REQUESTING PAGE: GET / with {} and HTTP headers {"HTTP_REFERER"=>"/users/sign_out"}
REQUESTING PAGE: GET /users/sign_out with {} and HTTP headers {}
REQUESTING PAGE: GET / with {} and HTTP headers {"HTTP_REFERER"=>"/users/sign_out"}
REQUESTING PAGE: GET /users/sign_out with {} and HTTP headers {}
REQUESTING PAGE: GET / with {} and HTTP headers {"HTTP_REFERER"=>"/users/sign_out"}
REQUESTING PAGE: GET /users/sign_out with {} and HTTP headers {}
REQUESTING PAGE: GET / with {} and HTTP headers {"HTTP_REFERER"=>"/users/sign_out"}
REQUESTING PAGE: GET /users/sign_out with {} and HTTP headers {}
REQUESTING PAGE: GET http://fred.example.org with {} and HTTP headers {"HTTP_REFERER"=>"/users/sign_out"}
REQUESTING PAGE: GET http://fred.example.org/customers/sign_in with {} and HTTP headers {"HTTP_REFERER"=>"http://fred.example.org"}
REQUESTING PAGE: GET /users/sign_out with {} and HTTP headers {}
REQUESTING PAGE: GET http://fred.example.org with {} and HTTP headers {"HTTP_REFERER"=>"/users/sign_out"}
REQUESTING PAGE: GET http://fred.example.org/customers/sign_in with {} and HTTP headers {"HTTP_REFERER"=>"http://fred.example.org"}
REQUESTING PAGE: GET /users/sign_out with {} and HTTP headers {}
REQUESTING PAGE: GET http://fred.example.org with {} and HTTP headers {"HTTP_REFERER"=>"/users/sign_out"}
REQUESTING PAGE: GET http://fred.example.org/customers/sign_in with {} and HTTP headers {"HTTP_REFERER"=>"http://fred.example.org"}
REQUESTING PAGE: GET /users/sign_out with {} and HTTP headers {}
REQUESTING PAGE: GET http://example.org with {} and HTTP headers {"HTTP_REFERER"=>"/users/sign_out"}
REQUESTING PAGE: GET /users/sign_out with {} and HTTP headers {}
REQUESTING PAGE: GET http://fred.example.org with {} and HTTP headers {"HTTP_REFERER"=>"/users/sign_out"}
REQUESTING PAGE: GET http://fred.example.org/customers/sign_in with {} and HTTP headers {"HTTP_REFERER"=>"http://fred.example.org"}
REQUESTING PAGE: GET /users/sign_out with {} and HTTP headers {}
REQUESTING PAGE: GET http://example.org with {} and HTTP headers {"HTTP_REFERER"=>"/users/sign_out"}
REQUESTING PAGE: GET /customers/sign_out with {} and HTTP headers {}
REQUESTING PAGE: GET http://example.org/ with {} and HTTP headers {"HTTP_REFERER"=>"/customers/sign_out"}
REQUESTING PAGE: GET http://fred.example.org with {} and HTTP headers {"HTTP_REFERER"=>"http://example.org/"}
REQUESTING PAGE: GET http://fred.example.org/customers/sign_in with {} and HTTP headers {"HTTP_REFERER"=>"http://fred.example.org"}
REQUESTING PAGE: GET /customers/sign_out with {} and HTTP headers {}
REQUESTING PAGE: GET http://example.org/ with {} and HTTP headers {"HTTP_REFERER"=>"/customers/sign_out"}
REQUESTING PAGE: GET http://example.org with {} and HTTP headers {"HTTP_REFERER"=>"http://example.org/"}
REQUESTING PAGE: GET /customers/sign_out with {} and HTTP headers {}
REQUESTING PAGE: GET http://example.org/ with {} and HTTP headers {"HTTP_REFERER"=>"/customers/sign_out"}
REQUESTING PAGE: GET http://fred.example.org with {} and HTTP headers {"HTTP_REFERER"=>"http://example.org/"}
REQUESTING PAGE: GET http://fred.example.org/customers/sign_in with {} and HTTP headers {"HTTP_REFERER"=>"http://fred.example.org"}
REQUESTING PAGE: GET /customers/sign_out with {} and HTTP headers {}
REQUESTING PAGE: GET http://example.org/ with {} and HTTP headers {"HTTP_REFERER"=>"/customers/sign_out"}
REQUESTING PAGE: GET http://example.org with {} and HTTP headers {"HTTP_REFERER"=>"http://example.org/"}
REQUESTING PAGE: GET /customers/sign_out with {} and HTTP headers {}
REQUESTING PAGE: GET http://example.org/ with {} and HTTP headers {"HTTP_REFERER"=>"/customers/sign_out"}
REQUESTING PAGE: GET http://fred.example.org with {} and HTTP headers {"HTTP_REFERER"=>"http://example.org/"}
REQUESTING PAGE: GET http://fred.example.org/customers/sign_in with {} and HTTP headers {"HTTP_REFERER"=>"http://fred.example.org"}
REQUESTING PAGE: GET /customers/sign_out with {} and HTTP headers {}
REQUESTING PAGE: GET http://example.org/ with {} and HTTP headers {"HTTP_REFERER"=>"/customers/sign_out"}
REQUESTING PAGE: GET http://example.org with {} and HTTP headers {"HTTP_REFERER"=>"http://example.org/"}
REQUESTING PAGE: GET /customers/sign_out with {} and HTTP headers {}
REQUESTING PAGE: GET http://example.org/ with {} and HTTP headers {"HTTP_REFERER"=>"/customers/sign_out"}
REQUESTING PAGE: GET http://fred.example.org with {} and HTTP headers {"HTTP_REFERER"=>"http://example.org/"}
REQUESTING PAGE: GET http://fred.example.org/customers/sign_in with {} and HTTP headers {"HTTP_REFERER"=>"http://fred.example.org"}
REQUESTING PAGE: POST /customers/sign_in with {"commit"=>"Sign In", "utf8"=>"\342\234\223", "customer"=>{"remember_me"=>"0", "password"=>"ab1234", "email"=>"person0@example.com"}} and HTTP headers {"HTTP_REFERER"=>"http://fred.example.org/customers/sign_in"}
REQUESTING PAGE: GET /customers/sign_out with {} and HTTP headers {}
REQUESTING PAGE: GET http://example.org/ with {} and HTTP headers {"HTTP_REFERER"=>"/customers/sign_out"}
REQUESTING PAGE: GET http://fred.example.org with {} and HTTP headers {"HTTP_REFERER"=>"http://example.org/"}
REQUESTING PAGE: GET http://fred.example.org/customers/sign_in with {} and HTTP headers {"HTTP_REFERER"=>"http://fred.example.org"}
REQUESTING PAGE: GET /customers/sign_out with {} and HTTP headers {}
REQUESTING PAGE: GET http://example.org/ with {} and HTTP headers {"HTTP_REFERER"=>"/customers/sign_out"}
REQUESTING PAGE: GET http://example.org with {} and HTTP headers {"HTTP_REFERER"=>"http://example.org/"}
REQUESTING PAGE: GET /customers/sign_out with {} and HTTP headers {}
REQUESTING PAGE: GET http://example.org/ with {} and HTTP headers {"HTTP_REFERER"=>"/customers/sign_out"}
REQUESTING PAGE: GET http://fred.example.org with {} and HTTP headers {"HTTP_REFERER"=>"http://example.org/"}
REQUESTING PAGE: GET http://fred.example.org/customers/sign_in with {} and HTTP headers {"HTTP_REFERER"=>"http://fred.example.org"}
REQUESTING PAGE: POST /customers/sign_in with {"commit"=>"Sign In", "utf8"=>"\342\234\223", "customer"=>{"remember_me"=>"0", "password"=>"ab1234", "email"=>"person1@example.com"}} and HTTP headers {"HTTP_REFERER"=>"http://fred.example.org/customers/sign_in"}
REQUESTING PAGE: GET http://example.org/customers/73/orders with {} and HTTP headers {"HTTP_REFERER"=>"/customers/sign_in"}
REQUESTING PAGE: GET /customers/sign_out with {} and HTTP headers {}
REQUESTING PAGE: GET http://example.org/ with {} and HTTP headers {"HTTP_REFERER"=>"/customers/sign_out"}
REQUESTING PAGE: GET http://fred.example.org with {} and HTTP headers {"HTTP_REFERER"=>"http://example.org/"}
REQUESTING PAGE: GET http://fred.example.org/customers/sign_in with {} and HTTP headers {"HTTP_REFERER"=>"http://fred.example.org"}
REQUESTING PAGE: GET /customers/sign_out with {} and HTTP headers {}
REQUESTING PAGE: GET http://example.org/ with {} and HTTP headers {"HTTP_REFERER"=>"/customers/sign_out"}
REQUESTING PAGE: GET http://example.org with {} and HTTP headers {"HTTP_REFERER"=>"http://example.org/"}
REQUESTING PAGE: GET /customers/sign_out with {} and HTTP headers {}
REQUESTING PAGE: GET http://example.org/ with {} and HTTP headers {"HTTP_REFERER"=>"/customers/sign_out"}
REQUESTING PAGE: GET http://fred.example.org with {} and HTTP headers {"HTTP_REFERER"=>"http://example.org/"}
REQUESTING PAGE: GET http://fred.example.org/customers/sign_in with {} and HTTP headers {"HTTP_REFERER"=>"http://fred.example.org"}
REQUESTING PAGE: POST /customers/sign_in with {"commit"=>"Sign In", "utf8"=>"\342\234\223", "customer"=>{"remember_me"=>"0", "password"=>"ab1234", "email"=>"person1@example.com"}} and HTTP headers {"HTTP_REFERER"=>"http://fred.example.org/customers/sign_in"}
REQUESTING PAGE: GET http://example.org/customers/74/orders with {} and HTTP headers {"HTTP_REFERER"=>"/customers/sign_in"}
REQUESTING PAGE: GET /customers/sign_out with {} and HTTP headers {}
REQUESTING PAGE: GET http://example.org/ with {} and HTTP headers {"HTTP_REFERER"=>"/customers/sign_out"}
REQUESTING PAGE: GET http://fred.example.org with {} and HTTP headers {"HTTP_REFERER"=>"http://example.org/"}
REQUESTING PAGE: GET http://fred.example.org/customers/sign_in with {} and HTTP headers {"HTTP_REFERER"=>"http://fred.example.org"}
REQUESTING PAGE: GET /customers/sign_out with {} and HTTP headers {}
REQUESTING PAGE: GET http://example.org/ with {} and HTTP headers {"HTTP_REFERER"=>"/customers/sign_out"}
REQUESTING PAGE: GET http://example.org with {} and HTTP headers {"HTTP_REFERER"=>"http://example.org/"}
REQUESTING PAGE: GET /customers/sign_out with {} and HTTP headers {}
REQUESTING PAGE: GET http://example.org/ with {} and HTTP headers {"HTTP_REFERER"=>"/customers/sign_out"}
REQUESTING PAGE: GET http://fred.example.org with {} and HTTP headers {"HTTP_REFERER"=>"http://example.org/"}
REQUESTING PAGE: GET http://fred.example.org/customers/sign_in with {} and HTTP headers {"HTTP_REFERER"=>"http://fred.example.org"}
REQUESTING PAGE: POST /customers/sign_in with {"commit"=>"Sign In", "utf8"=>"\342\234\223", "customer"=>{"remember_me"=>"0", "password"=>"ab1234", "email"=>"person1@example.com"}} and HTTP headers {"HTTP_REFERER"=>"http://fred.example.org/customers/sign_in"}
REQUESTING PAGE: GET http://example.org/customers/75/orders with {} and HTTP headers {"HTTP_REFERER"=>"/customers/sign_in"}
REQUESTING PAGE: GET /customers/sign_out with {} and HTTP headers {}
REQUESTING PAGE: GET http://example.org/ with {} and HTTP headers {"HTTP_REFERER"=>"/customers/sign_out"}
REQUESTING PAGE: GET http://fred.fwig.me with {} and HTTP headers {"HTTP_REFERER"=>"http://example.org/"}
REQUESTING PAGE: GET http://fred.fwig.me/customers/sign_in with {} and HTTP headers {"HTTP_REFERER"=>"http://fred.fwig.me"}
REQUESTING PAGE: GET /customers/sign_out with {} and HTTP headers {}
REQUESTING PAGE: GET http://example.org/ with {} and HTTP headers {"HTTP_REFERER"=>"/customers/sign_out"}
REQUESTING PAGE: GET http://fwig.me with {} and HTTP headers {"HTTP_REFERER"=>"http://example.org/"}
REQUESTING PAGE: GET /customers/sign_out with {} and HTTP headers {}
REQUESTING PAGE: GET http://example.org/ with {} and HTTP headers {"HTTP_REFERER"=>"/customers/sign_out"}
REQUESTING PAGE: GET http://fred.fwig.me with {} and HTTP headers {"HTTP_REFERER"=>"http://example.org/"}
REQUESTING PAGE: GET http://fred.fwig.me/customers/sign_in with {} and HTTP headers {"HTTP_REFERER"=>"http://fred.fwig.me"}
REQUESTING PAGE: POST /customers/sign_in with {"commit"=>"Sign In", "utf8"=>"\342\234\223", "customer"=>{"remember_me"=>"0", "password"=>"ab1234", "email"=>"person1@example.com"}} and HTTP headers {"HTTP_REFERER"=>"http://fred.fwig.me/customers/sign_in"}
REQUESTING PAGE: GET http://example.org/customers/76/orders with {} and HTTP headers {"HTTP_REFERER"=>"/customers/sign_in"}
REQUESTING PAGE: GET /customers/sign_out with {} and HTTP headers {}
REQUESTING PAGE: GET http://example.org/ with {} and HTTP headers {"HTTP_REFERER"=>"/customers/sign_out"}
REQUESTING PAGE: GET http://fred.fwig.me with {} and HTTP headers {"HTTP_REFERER"=>"http://example.org/"}
REQUESTING PAGE: GET http://fred.fwig.me/customers/sign_in with {} and HTTP headers {"HTTP_REFERER"=>"http://fred.fwig.me"}
REQUESTING PAGE: GET /customers/sign_out with {} and HTTP headers {}
REQUESTING PAGE: GET http://example.org/ with {} and HTTP headers {"HTTP_REFERER"=>"/customers/sign_out"}
REQUESTING PAGE: GET http://fwig.me with {} and HTTP headers {"HTTP_REFERER"=>"http://example.org/"}
REQUESTING PAGE: GET /customers/sign_out with {} and HTTP headers {}
REQUESTING PAGE: GET http://example.org/ with {} and HTTP headers {"HTTP_REFERER"=>"/customers/sign_out"}
REQUESTING PAGE: GET http://fred.fwig.me with {} and HTTP headers {"HTTP_REFERER"=>"http://example.org/"}
REQUESTING PAGE: GET http://fred.fwig.me/customers/sign_in with {} and HTTP headers {"HTTP_REFERER"=>"http://fred.fwig.me"}
REQUESTING PAGE: POST /customers/sign_in with {"commit"=>"Sign In", "utf8"=>"\342\234\223", "customer"=>{"remember_me"=>"0", "password"=>"ab1234", "email"=>"person1@example.com"}} and HTTP headers {"HTTP_REFERER"=>"http://fred.fwig.me/customers/sign_in"}
REQUESTING PAGE: GET http://example.org/customers/77/orders with {} and HTTP headers {"HTTP_REFERER"=>"/customers/sign_in"}
